2020-08-09 17:24:17,227 INFO DLtorch Framework: Constructing FinalTrainer ，，，
2020-08-09 17:24:17,227 INFO GPU information: 0
2020-08-09 17:24:17,227 INFO DLtorch Train : FinalTrainer  Start training，，，
2020-08-09 17:24:17,227 INFO Initialize Model: Cifar10_resnet18
2020-08-09 17:24:19,779 INFO Initialize Dataset: Cifar10
2020-08-09 17:24:21,461 INFO Initialize Dataloader.
2020-08-09 17:24:21,461 INFO Initialize Optimizer: SGD
2020-08-09 17:24:21,461 INFO Initialize Scheduler: MultiStepLR
2020-08-09 17:24:21,462 INFO Initialize Objective: ClassificationObjective
2020-08-09 17:24:21,462 INFO Using early stopping.
2020-08-09 17:24:21,462 INFO epoch: 0 learning rate: 0.001
2020-08-09 17:24:27,436 INFO train_epoch: 1 process: 15 / 79 acc: 0.12604 loss:0.03596 reward:0.12604 perf: correct: 0.126
2020-08-09 17:24:33,432 INFO train_epoch: 1 process: 31 / 79 acc: 0.15423 loss:0.03517 reward:0.15423 perf: correct: 0.154
2020-08-09 17:24:39,389 INFO train_epoch: 1 process: 47 / 79 acc: 0.17520 loss:0.03450 reward:0.17520 perf: correct: 0.175
2020-08-09 17:24:45,516 INFO train_epoch: 1 process: 63 / 79 acc: 0.19742 loss:0.03382 reward:0.19742 perf: correct: 0.197
2020-08-09 17:24:51,791 INFO train_epoch: 1 process: 79 / 79 acc: 0.20980 loss:0.03371 reward:0.20980 perf: correct: 0.210
2020-08-09 17:25:07,495 INFO valid_epoch: 1 process: 140 / 704 acc: 0.25815 loss:0.03061 reward:0.25815 perf: correct: 0.258
2020-08-09 17:25:24,202 INFO valid_epoch: 1 process: 281 / 704 acc: 0.25951 loss:0.03051 reward:0.25951 perf: correct: 0.260
2020-08-09 17:25:40,933 INFO valid_epoch: 1 process: 422 / 704 acc: 0.25803 loss:0.03049 reward:0.25803 perf: correct: 0.258
2020-08-09 17:25:58,954 INFO valid_epoch: 1 process: 563 / 704 acc: 0.25852 loss:0.03049 reward:0.25852 perf: correct: 0.259
2020-08-09 17:26:16,724 INFO valid_epoch: 1 process: 704 / 704 acc: 0.25640 loss:0.03057 reward:0.25640 perf:correct: 0.256
2020-08-09 17:26:16,879 INFO Save the checkpoint at E:\DLtorch\examples\try\best
2020-08-09 17:26:16,879 INFO best_valid_epoch: 1 acc:0.25640 loss:0.03057 reward:0.25640 perf: correct: 0.256
2020-08-09 17:26:21,076 INFO test_epoch: 1 process: 31 / 157 acc: 0.25000 loss:0.03115 reward:0.25000 perf: correct: 0.250
2020-08-09 17:26:25,225 INFO test_epoch: 1 process: 62 / 157 acc: 0.24345 loss:0.03117 reward:0.24345 perf: correct: 0.243
2020-08-09 17:26:29,273 INFO test_epoch: 1 process: 94 / 157 acc: 0.24285 loss:0.03121 reward:0.24285 perf: correct: 0.243
2020-08-09 17:26:33,189 INFO test_epoch: 1 process: 125 / 157 acc: 0.24300 loss:0.03109 reward:0.24300 perf: correct: 0.243
2020-08-09 17:26:37,165 INFO test_epoch: 1 process: 157 / 157 acc: 0.24370 loss:0.03119 reward:0.24370 perf:correct: 0.244
2020-08-09 17:26:37,328 INFO Save the checkpoint at E:\DLtorch\examples\try\0
